<?xml version="1.0" encoding="UTF-8"?>
<!-- Generated by org.testng.reporters.JUnitReportReporter -->
<testsuite hostname="AMBAUS00276.gateway" name="com.mop.qa.test.bvt.Test_AFL_NativeiOS" tests="1" failures="0" timestamp="11 Dec 2018 01:14:50 GMT" time="1090.451" errors="0">
  <testcase name="AFL_NativeiOS" time="1090.451" classname="com.mop.qa.test.bvt.Test_AFL_NativeiOS"/>
</testsuite> <!-- com.mop.qa.test.bvt.Test_AFL_NativeiOS -->
