<?xml version="1.0" encoding="UTF-8"?>
<!-- Generated by org.testng.reporters.JUnitReportReporter -->
<testsuite hostname="LTIN120615" name="com.mop.qa.test.bvt.Change_Password_in_MyAccount_and_login_TestApplication_Test" tests="1" failures="0" timestamp="7 Feb 2020 11:03:51 GMT" time="0.292" errors="0">
  <testcase name="S5" time="0.292" classname="com.mop.qa.test.bvt.Change_Password_in_MyAccount_and_login_TestApplication_Test"/>
</testsuite> <!-- com.mop.qa.test.bvt.Change_Password_in_MyAccount_and_login_TestApplication_Test -->
