<?xml version="1.0" encoding="UTF-8"?>
<!-- Generated by org.testng.reporters.JUnitReportReporter -->
<testsuite hostname="LTIN116948" name="com.mop.qa.test.regression.Test_AFL_iOS_Check_NgcdnUrl" tests="1" failures="0" timestamp="8 Nov 2019 09:09:31 GMT" time="36.418" errors="0">
  <testcase name="Test_iOS_AFL_Check_NgcdnUrl" time="36.418" classname="com.mop.qa.test.regression.Test_AFL_iOS_Check_NgcdnUrl"/>
</testsuite> <!-- com.mop.qa.test.regression.Test_AFL_iOS_Check_NgcdnUrl -->
