<?xml version="1.0" encoding="UTF-8"?>
<!-- Generated by org.testng.reporters.JUnitReportReporter -->
<testsuite hostname="LTIN116948" name="com.mop.qa.test.regression.Testingg" tests="1" failures="0" timestamp="13 Jan 2020 11:21:42 GMT" time="5.595" errors="0">
  <testcase name="test" time="5.595" classname="com.mop.qa.test.regression.Testingg"/>
</testsuite> <!-- com.mop.qa.test.regression.Testingg -->
