<?xml version="1.0" encoding="UTF-8"?>
<!-- Generated by org.testng.reporters.JUnitReportReporter -->
<testsuite hostname="LT104209" name="com.mop.qa.test.bvt.AFL_NativeApp_RegTests" tests="3" failures="0" timestamp="19 Mar 2019 07:39:08 GMT" time="1.057" errors="0">
  <testcase name="AFL_Test_TeamMatchUps" time="0.046" classname="com.mop.qa.test.bvt.AFL_NativeApp_RegTests"/>
  <testcase name="AFL_Test_TeamStats" time="0.001" classname="com.mop.qa.test.bvt.AFL_NativeApp_RegTests"/>
  <testcase name="AFL_Test_VideoCategories" time="1.010" classname="com.mop.qa.test.bvt.AFL_NativeApp_RegTests"/>
</testsuite> <!-- com.mop.qa.test.bvt.AFL_NativeApp_RegTests -->
