<?xml version="1.0" encoding="UTF-8"?>
<!-- Generated by org.testng.reporters.JUnitReportReporter -->
<testsuite hostname="LTIN116948" name="com.mop.qa.test.regression.Test_AFL_Web_Check_NgcdnUrl" tests="1" failures="0" timestamp="29 Oct 2019 12:21:36 GMT" time="99.861" errors="0">
  <testcase name="Testcase_To_Verify_Ngcdn_Logs_WebBrowser" time="99.861" classname="com.mop.qa.test.regression.Test_AFL_Web_Check_NgcdnUrl"/>
</testsuite> <!-- com.mop.qa.test.regression.Test_AFL_Web_Check_NgcdnUrl -->
