<?xml version="1.0" encoding="UTF-8"?>
<!-- Generated by org.testng.reporters.JUnitReportReporter -->
<testsuite hostname="AMBAUS00276.local" name="com.mop.qa.test.bvt.Test_AFL_NativeiOS_Video" tests="1" failures="0" timestamp="1 Nov 2018 09:36:21 GMT" time="89.719" errors="0">
  <testcase name="AFL_NativeiOS" time="89.719" classname="com.mop.qa.test.bvt.Test_AFL_NativeiOS_Video"/>
</testsuite> <!-- com.mop.qa.test.bvt.Test_AFL_NativeiOS_Video -->
