<?xml version="1.0" encoding="UTF-8"?>
<!-- Generated by org.testng.reporters.JUnitReportReporter -->
<testsuite hostname="LTIN116948" name="com.mop.qa.test.regression.Testing" tests="1" failures="0" timestamp="13 Jan 2020 11:21:42 GMT" time="6.720" errors="0">
  <testcase name="test" time="6.720" classname="com.mop.qa.test.regression.Testing"/>
</testsuite> <!-- com.mop.qa.test.regression.Testing -->
