<?xml version="1.0" encoding="UTF-8"?>
<!-- Generated by org.testng.reporters.JUnitReportReporter -->
<testsuite hostname="LTIN116948" name="com.mop.qa.test.regression.CheckVideoUrl" tests="1" failures="0" timestamp="3 Oct 2019 04:05:30 GMT" time="50.144" errors="0">
  <testcase name="Testcase_To_Verify_Ngcdn_Logs_WebBrowser" time="50.144" classname="com.mop.qa.test.regression.CheckVideoUrl"/>
</testsuite> <!-- com.mop.qa.test.regression.CheckVideoUrl -->
